Using pre-set license
Built from '2020.2/release' branch; Version is '2020.2.2f1 (068178b99f32) revision 426360'; Using compiler version '192528614'; Build Type 'Release'
OS: 'Windows 10 Home; OS build 19041.746; Version 2004; 64bit' Language: 'en' Physical Memory: 32694 MB
BatchMode: 1, IsHumanControllingUs: 0, StartBugReporterOnCrash: 0, Is64bit: 1, IsPro: 0

 COMMAND LINE ARGUMENTS:
C:\Program Files\Unity\Hub\Editor\2020.2.2f1\Editor\Unity.exe
-adb2
-batchMode
-noUpm
-name
AssetImportWorker0
-projectPath
C:/Users/rachi/Documents/GitHub/VFS/Project VFS
-logFile
Logs/AssetImportWorker0.log
-srvPort
53794
Successfully changed project path to: C:/Users/rachi/Documents/GitHub/VFS/Project VFS
C:/Users/rachi/Documents/GitHub/VFS/Project VFS
Using Asset Import Pipeline V2.
Refreshing native plugins compatible for Editor in 19.77 ms, found 0 plugins.
Preloading 0 native plugins for Editor in 0.00 ms.
Initialize engine version: 2020.2.2f1 (068178b99f32)
[Subsystems] Discovering subsystems at path C:/Program Files/Unity/Hub/Editor/2020.2.2f1/Editor/Data/Resources/UnitySubsystems
[Subsystems] Discovering subsystems at path C:/Users/rachi/Documents/GitHub/VFS/Project VFS/Assets
GfxDevice: creating device client; threaded=0
Direct3D:
    Version:  Direct3D 11.0 [level 11.1]
    Renderer: NVIDIA GeForce RTX 2070 SUPER (ID=0x1e84)
    Vendor:   
    VRAM:     8011 MB
    Driver:   27.21.14.5709
Initialize mono
Mono path[0] = 'C:/Program Files/Unity/Hub/Editor/2020.2.2f1/Editor/Data/Managed'
Mono path[1] = 'C:/Program Files/Unity/Hub/Editor/2020.2.2f1/Editor/Data/MonoBleedingEdge/lib/mono/unityjit'
Mono config path = 'C:/Program Files/Unity/Hub/Editor/2020.2.2f1/Editor/Data/MonoBleedingEdge/etc'
Using monoOptions --debugger-agent=transport=dt_socket,embedding=1,server=y,suspend=n,address=127.0.0.1:56180
Begin MonoManager ReloadAssembly
Registering precompiled unity dll's ...
Register platform support module: C:/Program Files/Unity/Hub/Editor/2020.2.2f1/Editor/Data/PlaybackEngines/WindowsStandaloneSupport/UnityEditor.WindowsStandalone.Extensions.dll
Registered in 0.001626 seconds.
Native extension for WindowsStandalone target not found
Refreshing native plugins compatible for Editor in 19.79 ms, found 0 plugins.
Preloading 0 native plugins for Editor in 0.00 ms.
Invoked RoslynAnalysisRunner static constructor.
RoslynAnalysisRunner will not be running.
RoslynAnalysisRunner has terminated.
Mono: successfully reloaded assembly
- Completed reload, in  0.852 seconds
Platform modules already initialized, skipping
Registering precompiled user dll's ...
Registered in 0.000641 seconds.
Begin MonoManager ReloadAssembly
Native extension for WindowsStandalone target not found
Refreshing native plugins compatible for Editor in 0.24 ms, found 0 plugins.
Preloading 0 native plugins for Editor in 0.00 ms.
Invoked RoslynAnalysisRunner static constructor.
RoslynAnalysisRunner will not be running.
RoslynAnalysisRunner has terminated.
Mono: successfully reloaded assembly
- Completed reload, in  0.670 seconds
Platform modules already initialized, skipping
========================================================================
Worker process is ready to serve import requests
Launched and connected shader compiler UnityShaderCompiler.exe after 0.04 seconds
Refreshing native plugins compatible for Editor in 0.24 ms, found 0 plugins.
Preloading 0 native plugins for Editor in 0.00 ms.
Unloading 1099 Unused Serialized files (Serialized files now loaded: 0)
System memory in use before: 56.5 MB.
System memory in use after: 56.5 MB.

Unloading 10 unused Assets to reduce memory usage. Loaded Objects now: 1540.
Total: 1.743900 ms (FindLiveObjects: 0.182100 ms CreateObjectMapping: 0.028400 ms MarkObjects: 1.455500 ms  DeleteObjects: 0.076900 ms)

========================================================================
Received Import Request.
  path: Assets/Scenes
  artifactKey: Guid(e637ee4b7bac20c4b991e84c24734618) Importer(815301076,1909f56bfc062723c751e8b465ee728b)
Start importing Assets/Scenes using Guid(e637ee4b7bac20c4b991e84c24734618) Importer(815301076,1909f56bfc062723c751e8b465ee728b)  -> (artifact id: '1c25dd7625a9eb76f559ca274a8fab49') in 0.009115 seconds
  Import took 0.011408 seconds .

========================================================================
Received Import Request.
  Time since last request: 0.000247 seconds.
  path: Assets/Scenes/SampleScene.unity
  artifactKey: Guid(9fc0d4010bbf28b4594072e72b8655ab) Importer(815301076,1909f56bfc062723c751e8b465ee728b)
Start importing Assets/Scenes/SampleScene.unity using Guid(9fc0d4010bbf28b4594072e72b8655ab) Importer(815301076,1909f56bfc062723c751e8b465ee728b)  -> (artifact id: '9831e44e2a700a6e1119228b2d38e767') in 0.011931 seconds
  Import took 0.013667 seconds .

========================================================================
Received Import Request.
  Time since last request: 8.728511 seconds.
  path: Assets/Scenes/Tennis Court.unity
  artifactKey: Guid(72e0f02c55dfa334c9eab4f81c71f78f) Importer(815301076,1909f56bfc062723c751e8b465ee728b)
Start importing Assets/Scenes/Tennis Court.unity using Guid(72e0f02c55dfa334c9eab4f81c71f78f) Importer(815301076,1909f56bfc062723c751e8b465ee728b)  -> (artifact id: 'efcbdc1f6dae6837c514152b2038b1b9') in 0.005960 seconds
  Import took 0.007914 seconds .

========================================================================
Received Import Request.
  Time since last request: 409.092736 seconds.
  path: Assets/BCWn3O.jpg
  artifactKey: Guid(9aad1b33d17f8624eb640eaeca62ea38) Importer(815301076,1909f56bfc062723c751e8b465ee728b)
Start importing Assets/BCWn3O.jpg using Guid(9aad1b33d17f8624eb640eaeca62ea38) Importer(815301076,1909f56bfc062723c751e8b465ee728b)  -> (artifact id: 'efe3c4e0a37782245f11b28bd437d675') in 0.076084 seconds
  Import took 0.078212 seconds .

========================================================================
Received Prepare
Registering precompiled user dll's ...
Registered in 0.000680 seconds.
Begin MonoManager ReloadAssembly
Native extension for WindowsStandalone target not found
Refreshing native plugins compatible for Editor in 0.34 ms, found 0 plugins.
Preloading 0 native plugins for Editor in 0.00 ms.
Warning: Annotation not found!
UnityEngine.StackTraceUtility:ExtractStackTrace ()
UnityEditor.ProBuilder.EditorUtility:SetGizmoIconEnabled (System.Type,bool) (at Library/PackageCache/com.unity.probuilder@4.4.0/Editor/EditorCore/EditorUtility.cs:593)
UnityEditor.ProBuilder.HierarchyListener:.cctor () (at Library/PackageCache/com.unity.probuilder@4.4.0/Editor/EditorCore/HierarchyListener.cs:21)
System.Runtime.CompilerServices.RuntimeHelpers:RunClassConstructor (System.RuntimeTypeHandle)
UnityEditor.EditorAssemblies:ProcessInitializeOnLoadAttributes (System.Type[])

[Library/PackageCache/com.unity.probuilder@4.4.0/Editor/EditorCore/EditorUtility.cs line 593]

Invoked RoslynAnalysisRunner static constructor.
RoslynAnalysisRunner will not be running.
RoslynAnalysisRunner has terminated.
Mono: successfully reloaded assembly
- Completed reload, in  0.760 seconds
Platform modules already initialized, skipping
Refreshing native plugins compatible for Editor in 0.30 ms, found 0 plugins.
Preloading 0 native plugins for Editor in 0.00 ms.
Unloading 1455 Unused Serialized files (Serialized files now loaded: 0)
System memory in use before: 70.6 MB.
System memory in use after: 68.8 MB.

Unloading 28 unused Assets to reduce memory usage. Loaded Objects now: 1883.
Total: 3.879200 ms (FindLiveObjects: 0.224600 ms CreateObjectMapping: 0.035400 ms MarkObjects: 2.383000 ms  DeleteObjects: 1.234700 ms)

========================================================================
Received Import Request.
  Time since last request: 439.690262 seconds.
  path: Assets/Scenes/BCWn3O.jpg
  artifactKey: Guid(9aad1b33d17f8624eb640eaeca62ea38) Importer(815301076,1909f56bfc062723c751e8b465ee728b)
Start importing Assets/Scenes/BCWn3O.jpg using Guid(9aad1b33d17f8624eb640eaeca62ea38) Importer(815301076,1909f56bfc062723c751e8b465ee728b)  -> (artifact id: '13df2e7647d2b0ace827808ac7629bbf') in 0.038433 seconds
  Import took 0.040977 seconds .

AssetImportWorkerClient::OnTransportError - code=2 error=End of file
